Determining if the pthread_create exist failed with the following output:
Change Dir: /home/abhi/AIRLab/coax_sim/src/ipc_bridge_stack/ipc/build/CMakeFiles/CMakeTmp

Run Build Command:/usr/bin/make "cmTryCompileExec3466454054/fast"
make[1]: Entering directory `/home/abhi/AIRLab/coax_sim/src/ipc_bridge_stack/ipc/build/CMakeFiles/CMakeTmp'
/usr/bin/make -f CMakeFiles/cmTryCompileExec3466454054.dir/build.make CMakeFiles/cmTryCompileExec3466454054.dir/build
make[2]: Entering directory `/home/abhi/AIRLab/coax_sim/src/ipc_bridge_stack/ipc/build/CMakeFiles/CMakeTmp'
/usr/bin/cmake -E cmake_progress_report /home/abhi/AIRLab/coax_sim/src/ipc_bridge_stack/ipc/build/CMakeFiles/CMakeTmp/CMakeFiles 1
Building C object CMakeFiles/cmTryCompileExec3466454054.dir/CheckSymbolExists.c.o
/usr/bin/cc    -o CMakeFiles/cmTryCompileExec3466454054.dir/CheckSymbolExists.c.o   -c /home/abhi/AIRLab/coax_sim/src/ipc_bridge_stack/ipc/build/CMakeFiles/CMakeTmp/CheckSymbolExists.c
Linking C executable cmTryCompileExec3466454054
/usr/bin/cmake -E cmake_link_script CMakeFiles/cmTryCompileExec3466454054.dir/link.txt --verbose=1
/usr/bin/cc       CMakeFiles/cmTryCompileExec3466454054.dir/CheckSymbolExists.c.o  -o cmTryCompileExec3466454054 -rdynamic 
CMakeFiles/cmTryCompileExec3466454054.dir/CheckSymbolExists.c.o: In function `main':
CheckSymbolExists.c:(.text+0x16): undefined reference to `pthread_create'
collect2: error: ld returned 1 exit status
make[2]: *** [cmTryCompileExec3466454054] Error 1
make[2]: Leaving directory `/home/abhi/AIRLab/coax_sim/src/ipc_bridge_stack/ipc/build/CMakeFiles/CMakeTmp'
make[1]: *** [cmTryCompileExec3466454054/fast] Error 2
make[1]: Leaving directory `/home/abhi/AIRLab/coax_sim/src/ipc_bridge_stack/ipc/build/CMakeFiles/CMakeTmp'

File /home/abhi/AIRLab/coax_sim/src/ipc_bridge_stack/ipc/build/CMakeFiles/CMakeTmp/CheckSymbolExists.c:
/* */
#include <pthread.h>

int main(int argc, char** argv)
{
  (void)argv;
#ifndef pthread_create
  return ((int*)(&pthread_create))[argc];
#else
  (void)argc;
  return 0;
#endif
}

Determining if the function pthread_create exists in the pthreads failed with the following output:
Change Dir: /home/abhi/AIRLab/coax_sim/src/ipc_bridge_stack/ipc/build/CMakeFiles/CMakeTmp

Run Build Command:/usr/bin/make "cmTryCompileExec2574378693/fast"
make[1]: Entering directory `/home/abhi/AIRLab/coax_sim/src/ipc_bridge_stack/ipc/build/CMakeFiles/CMakeTmp'
/usr/bin/make -f CMakeFiles/cmTryCompileExec2574378693.dir/build.make CMakeFiles/cmTryCompileExec2574378693.dir/build
make[2]: Entering directory `/home/abhi/AIRLab/coax_sim/src/ipc_bridge_stack/ipc/build/CMakeFiles/CMakeTmp'
/usr/bin/cmake -E cmake_progress_report /home/abhi/AIRLab/coax_sim/src/ipc_bridge_stack/ipc/build/CMakeFiles/CMakeTmp/CMakeFiles 1
Building C object CMakeFiles/cmTryCompileExec2574378693.dir/CheckFunctionExists.c.o
/usr/bin/cc   -DCHECK_FUNCTION_EXISTS=pthread_create   -o CMakeFiles/cmTryCompileExec2574378693.dir/CheckFunctionExists.c.o   -c /usr/share/cmake-2.8/Modules/CheckFunctionExists.c
Linking C executable cmTryCompileExec2574378693
/usr/bin/cmake -E cmake_link_script CMakeFiles/cmTryCompileExec2574378693.dir/link.txt --verbose=1
/usr/bin/cc   -DCHECK_FUNCTION_EXISTS=pthread_create    CMakeFiles/cmTryCompileExec2574378693.dir/CheckFunctionExists.c.o  -o cmTryCompileExec2574378693 -rdynamic -lpthreads 
/usr/bin/ld: cannot find -lpthreads
collect2: error: ld returned 1 exit status
make[2]: *** [cmTryCompileExec2574378693] Error 1
make[2]: Leaving directory `/home/abhi/AIRLab/coax_sim/src/ipc_bridge_stack/ipc/build/CMakeFiles/CMakeTmp'
make[1]: *** [cmTryCompileExec2574378693/fast] Error 2
make[1]: Leaving directory `/home/abhi/AIRLab/coax_sim/src/ipc_bridge_stack/ipc/build/CMakeFiles/CMakeTmp'


